Mono path[0] = 'D:/Unity Games/ProjetExploration/ProjetExploration_Build/car-ai_Data/Managed'
Mono config path = 'D:/Unity Games/ProjetExploration/ProjetExploration_Build/MonoBleedingEdge/etc'
Initialize engine version: 2021.2.16f1 (559fc0ec6670)
[Subsystems] Discovering subsystems at path D:/Unity Games/ProjetExploration/ProjetExploration_Build/car-ai_Data/UnitySubsystems
GfxDevice: creating device client; threaded=1; jobified=0
Direct3D:
    Version:  Direct3D 11.0 [level 11.1]
    Renderer: NVIDIA GeForce RTX 2070 SUPER (ID=0x1e84)
    Vendor:   NVIDIA
    VRAM:     8012 MB
    Driver:   30.0.15.1277
Begin MonoManager ReloadAssembly
- Completed reload, in  1.447 seconds
<RI> Initializing input.
<RI> Input initialized.
<RI> Initialized touch support.
UnloadTime: 1.429700 ms
Fewer observations (0) made than vector observation size (500). The observations will be padded.
Fewer observations (299) made than vector observation size (500). The observations will be padded.
Fewer observations (403) made than vector observation size (500). The observations will be padded.
Fewer observations (481) made than vector observation size (500). The observations will be padded.
More observations (559) made than vector observation size (500). The observations will be truncated.
More observations (624) made than vector observation size (500). The observations will be truncated.
More observations (650) made than vector observation size (500). The observations will be truncated.
More observations (637) made than vector observation size (500). The observations will be truncated.
More observations (637) made than vector observation size (500). The observations will be truncated.
More observations (637) made than vector observation size (500). The observations will be truncated.
More observations (637) made than vector observation size (500). The observations will be truncated.
More observations (650) made than vector observation size (500). The observations will be truncated.
More observations (663) made than vector observation size (500). The observations will be truncated.
More observations (637) made than vector observation size (500). The observations will be truncated.
More observations (650) made than vector observation size (500). The observations will be truncated.
More observations (637) made than vector observation size (500). The observations will be truncated.
More observations (598) made than vector observation size (500). The observations will be truncated.
More observations (624) made than vector observation size (500). The observations will be truncated.
More observations (650) made than vector observation size (500). The observations will be truncated.
More observations (650) made than vector observation size (500). The observations will be truncated.
More observations (637) made than vector observation size (500). The observations will be truncated.
More observations (650) made than vector observation size (500). The observations will be truncated.
More observations (650) made than vector observation size (500). The observations will be truncated.
More observations (650) made than vector observation size (500). The observations will be truncated.
More observations (637) made than vector observation size (500). The observations will be truncated.
More observations (650) made than vector observation size (500). The observations will be truncated.
More observations (663) made than vector observation size (500). The observations will be truncated.
More observations (650) made than vector observation size (500). The observations will be truncated.
More observations (650) made than vector observation size (500). The observations will be truncated.
More observations (650) made than vector observation size (500). The observations will be truncated.
More observations (650) made than vector observation size (500). The observations will be truncated.
More observations (650) made than vector observation size (500). The observations will be truncated.
More observations (663) made than vector observation size (500). The observations will be truncated.
More observations (663) made than vector observation size (500). The observations will be truncated.
More observations (663) made than vector observation size (500). The observations will be truncated.
More observations (650) made than vector observation size (500). The observations will be truncated.
More observations (650) made than vector observation size (500). The observations will be truncated.
More observations (650) made than vector observation size (500). The observations will be truncated.
More observations (650) made than vector observation size (500). The observations will be truncated.
More observations (650) made than vector observation size (500). The observations will be truncated.
More observations (650) made than vector observation size (500). The observations will be truncated.
Fewer observations (0) made than vector observation size (500). The observations will be padded.
Fewer observations (221) made than vector observation size (500). The observations will be padded.
Fewer observations (364) made than vector observation size (500). The observations will be padded.
Fewer observations (455) made than vector observation size (500). The observations will be padded.
More observations (507) made than vector observation size (500). The observations will be truncated.
More observations (559) made than vector observation size (500). The observations will be truncated.
More observations (624) made than vector observation size (500). The observations will be truncated.
More observations (624) made than vector observation size (500). The observations will be truncated.
More observations (650) made than vector observation size (500). The observations will be truncated.
More observations (650) made than vector observation size (500). The observations will be truncated.
More observations (637) made than vector observation size (500). The observations will be truncated.
More observations (624) made than vector observation size (500). The observations will be truncated.
More observations (650) made than vector observation size (500). The observations will be truncated.
More observations (663) made than vector observation size (500). The observations will be truncated.
More observations (650) made than vector observation size (500). The observations will be truncated.
More observations (650) made than vector observation size (500). The observations will be truncated.
More observations (650) made than vector observation size (500). The observations will be truncated.
More observations (650) made than vector observation size (500). The observations will be truncated.
More observations (650) made than vector observation size (500). The observations will be truncated.
More observations (650) made than vector observation size (500). The observations will be truncated.
More observations (611) made than vector observation size (500). The observations will be truncated.
More observations (663) made than vector observation size (500). The observations will be truncated.
More observations (637) made than vector observation size (500). The observations will be truncated.
More observations (663) made than vector observation size (500). The observations will be truncated.
More observations (663) made than vector observation size (500). The observations will be truncated.
More observations (650) made than vector observation size (500). The observations will be truncated.
More observations (650) made than vector observation size (500). The observations will be truncated.
More observations (637) made than vector observation size (500). The observations will be truncated.
More observations (650) made than vector observation size (500). The observations will be truncated.
More observations (637) made than vector observation size (500). The observations will be truncated.
More observations (650) made than vector observation size (500). The observations will be truncated.
More observations (663) made than vector observation size (500). The observations will be truncated.
More observations (650) made than vector observation size (500). The observations will be truncated.
More observations (650) made than vector observation size (500). The observations will be truncated.
More observations (637) made than vector observation size (500). The observations will be truncated.
More observations (663) made than vector observation size (500). The observations will be truncated.
More observations (663) made than vector observation size (500). The observations will be truncated.
More observations (650) made than vector observation size (500). The observations will be truncated.
More observations (650) made than vector observation size (500). The observations will be truncated.
More observations (650) made than vector observation size (500). The observations will be truncated.
More observations (650) made than vector observation size (500). The observations will be truncated.
Fewer observations (0) made than vector observation size (500). The observations will be padded.
Fewer observations (286) made than vector observation size (500). The observations will be padded.
Fewer observations (390) made than vector observation size (500). The observations will be padded.
Fewer observations (442) made than vector observation size (500). The observations will be padded.
Fewer observations (468) made than vector observation size (500). The observations will be padded.
More observations (507) made than vector observation size (500). The observations will be truncated.
More observations (546) made than vector observation size (500). The observations will be truncated.
More observations (572) made than vector observation size (500). The observations will be truncated.
More observations (650) made than vector observation size (500). The observations will be truncated.
More observations (663) made than vector observation size (500). The observations will be truncated.
More observations (663) made than vector observation size (500). The observations will be truncated.
More observations (663) made than vector observation size (500). The observations will be truncated.
More observations (663) made than vector observation size (500). The observations will be truncated.
More observations (663) made than vector observation size (500). The observations will be truncated.
More observations (637) made than vector observation size (500). The observations will be truncated.
More observations (650) made than vector observation size (500). The observations will be truncated.
More observations (624) made than vector observation size (500). The observations will be truncated.
More observations (650) made than vector observation size (500). The observations will be truncated.
More observations (650) made than vector observation size (500). The observations will be truncated.
More observations (611) made than vector observation size (500). The observations will be truncated.
More observations (637) made than vector observation size (500). The observations will be truncated.
More observations (650) made than vector observation size (500). The observations will be truncated.
More observations (650) made than vector observation size (500). The observations will be truncated.
More observations (650) made than vector observation size (500). The observations will be truncated.
More observations (650) made than vector observation size (500). The observations will be truncated.
More observations (650) made than vector observation size (500). The observations will be truncated.
More observations (637) made than vector observation size (500). The observations will be truncated.
More observations (663) made than vector observation size (500). The observations will be truncated.
More observations (650) made than vector observation size (500). The observations will be truncated.
More observations (663) made than vector observation size (500). The observations will be truncated.
More observations (663) made than vector observation size (500). The observations will be truncated.
More observations (663) made than vector observation size (500). The observations will be truncated.
More observations (650) made than vector observation size (500). The observations will be truncated.
More observations (650) made than vector observation size (500). The observations will be truncated.
More observations (650) made than vector observation size (500). The observations will be truncated.
More observations (650) made than vector observation size (500). The observations will be truncated.
More observations (650) made than vector observation size (500). The observations will be truncated.
More observations (650) made than vector observation size (500). The observations will be truncated.
More observations (650) made than vector observation size (500). The observations will be truncated.
More observations (650) made than vector observation size (500). The observations will be truncated.
More observations (650) made than vector observation size (500). The observations will be truncated.
Fewer observations (0) made than vector observation size (500). The observations will be padded.
Fewer observations (273) made than vector observation size (500). The observations will be padded.
Fewer observations (364) made than vector observation size (500). The observations will be padded.
Fewer observations (442) made than vector observation size (500). The observations will be padded.
More observations (520) made than vector observation size (500). The observations will be truncated.
More observations (598) made than vector observation size (500). The observations will be truncated.
More observations (650) made than vector observation size (500). The observations will be truncated.
More observations (663) made than vector observation size (500). The observations will be truncated.
More observations (663) made than vector observation size (500). The observations will be truncated.
More observations (663) made than vector observation size (500). The observations will be truncated.
More observations (663) made than vector observation size (500). The observations will be truncated.
More observations (650) made than vector observation size (500). The observations will be truncated.
More observations (650) made than vector observation size (500). The observations will be truncated.
More observations (663) made than vector observation size (500). The observations will be truncated.
More observations (663) made than vector observation size (500). The observations will be truncated.
More observations (663) made than vector observation size (500). The observations will be truncated.
More observations (650) made than vector observation size (500). The observations will be truncated.
More observations (650) made than vector observation size (500). The observations will be truncated.
More observations (663) made than vector observation size (500). The observations will be truncated.
More observations (663) made than vector observation size (500). The observations will be truncated.
More observations (663) made than vector observation size (500). The observations will be truncated.
More observations (663) made than vector observation size (500). The observations will be truncated.
More observations (650) made than vector observation size (500). The observations will be truncated.
More observations (650) made than vector observation size (500). The observations will be truncated.
More observations (650) made than vector observation size (500). The observations will be truncated.
More observations (650) made than vector observation size (500). The observations will be truncated.
More observations (650) made than vector observation size (500). The observations will be truncated.
More observations (650) made than vector observation size (500). The observations will be truncated.
More observations (650) made than vector observation size (500). The observations will be truncated.
More observations (650) made than vector observation size (500). The observations will be truncated.
More observations (650) made than vector observation size (500). The observations will be truncated.
More observations (650) made than vector observation size (500). The observations will be truncated.
More observations (650) made than vector observation size (500). The observations will be truncated.
More observations (650) made than vector observation size (500). The observations will be truncated.
More observations (650) made than vector observation size (500). The observations will be truncated.
More observations (650) made than vector observation size (500). The observations will be truncated.
More observations (650) made than vector observation size (500). The observations will be truncated.
More observations (650) made than vector observation size (500). The observations will be truncated.
More observations (650) made than vector observation size (500). The observations will be truncated.
More observations (650) made than vector observation size (500). The observations will be truncated.
More observations (650) made than vector observation size (500). The observations will be truncated.
Fewer observations (0) made than vector observation size (500). The observations will be padded.
Fewer observations (182) made than vector observation size (500). The observations will be padded.
Fewer observations (325) made than vector observation size (500). The observations will be padded.
Fewer observations (416) made than vector observation size (500). The observations will be padded.
Fewer observations (494) made than vector observation size (500). The observations will be padded.
More observations (533) made than vector observation size (500). The observations will be truncated.
More observations (559) made than vector observation size (500). The observations will be truncated.
More observations (624) made than vector observation size (500). The observations will be truncated.
More observations (637) made than vector observation size (500). The observations will be truncated.
More observations (637) made than vector observation size (500). The observations will be truncated.
More observations (650) made than vector observation size (500). The observations will be truncated.
More observations (650) made than vector observation size (500). The observations will be truncated.
More observations (650) made than vector observation size (500). The observations will be truncated.
More observations (650) made than vector observation size (500). The observations will be truncated.
More observations (650) made than vector observation size (500). The observations will be truncated.
More observations (663) made than vector observation size (500). The observations will be truncated.
More observations (650) made than vector observation size (500). The observations will be truncated.
More observations (624) made than vector observation size (500). The observations will be truncated.
More observations (663) made than vector observation size (500). The observations will be truncated.
More observations (637) made than vector observation size (500). The observations will be truncated.
More observations (624) made than vector observation size (500). The observations will be truncated.
More observations (650) made than vector observation size (500). The observations will be truncated.
More observations (650) made than vector observation size (500). The observations will be truncated.
More observations (663) made than vector observation size (500). The observations will be truncated.
More observations (650) made than vector observation size (500). The observations will be truncated.
More observations (637) made than vector observation size (500). The observations will be truncated.
More observations (650) made than vector observation size (500). The observations will be truncated.
More observations (650) made than vector observation size (500). The observations will be truncated.
More observations (650) made than vector observation size (500). The observations will be truncated.
More observations (663) made than vector observation size (500). The observations will be truncated.
More observations (650) made than vector observation size (500). The observations will be truncated.
More observations (624) made than vector observation size (500). The observations will be truncated.
More observations (650) made than vector observation size (500). The observations will be truncated.
More observations (650) made than vector observation size (500). The observations will be truncated.
More observations (650) made than vector observation size (500). The observations will be truncated.
More observations (637) made than vector observation size (500). The observations will be truncated.
More observations (637) made than vector observation size (500). The observations will be truncated.
More observations (650) made than vector observation size (500). The observations will be truncated.
More observations (650) made than vector observation size (500). The observations will be truncated.
More observations (650) made than vector observation size (500). The observations will be truncated.
More observations (663) made than vector observation size (500). The observations will be truncated.
Fewer observations (0) made than vector observation size (500). The observations will be padded.
Fewer observations (273) made than vector observation size (500). The observations will be padded.
Fewer observations (364) made than vector observation size (500). The observations will be padded.
Fewer observations (429) made than vector observation size (500). The observations will be padded.
Fewer observations (481) made than vector observation size (500). The observations will be padded.
More observations (546) made than vector observation size (500). The observations will be truncated.
More observations (546) made than vector observation size (500). The observations will be truncated.
More observations (585) made than vector observation size (500). The observations will be truncated.
More observations (663) made than vector observation size (500). The observations will be truncated.
More observations (663) made than vector observation size (500). The observations will be truncated.
More observations (650) made than vector observation size (500). The observations will be truncated.
More observations (611) made than vector observation size (500). The observations will be truncated.
More observations (650) made than vector observation size (500). The observations will be truncated.
More observations (624) made than vector observation size (500). The observations will be truncated.
More observations (637) made than vector observation size (500). The observations will be truncated.
More observations (611) made than vector observation size (500). The observations will be truncated.
More observations (650) made than vector observation size (500). The observations will be truncated.
More observations (650) made than vector observation size (500). The observations will be truncated.
More observations (650) made than vector observation size (500). The observations will be truncated.
More observations (650) made than vector observation size (500). The observations will be truncated.
More observations (650) made than vector observation size (500). The observations will be truncated.
More observations (637) made than vector observation size (500). The observations will be truncated.
More observations (663) made than vector observation size (500). The observations will be truncated.
More observations (650) made than vector observation size (500). The observations will be truncated.
More observations (650) made than vector observation size (500). The observations will be truncated.
More observations (650) made than vector observation size (500). The observations will be truncated.
More observations (650) made than vector observation size (500). The observations will be truncated.
More observations (663) made than vector observation size (500). The observations will be truncated.
More observations (650) made than vector observation size (500). The observations will be truncated.
More observations (650) made than vector observation size (500). The observations will be truncated.
More observations (637) made than vector observation size (500). The observations will be truncated.
More observations (637) made than vector observation size (500). The observations will be truncated.
More observations (650) made than vector observation size (500). The observations will be truncated.
More observations (637) made than vector observation size (500). The observations will be truncated.
More observations (663) made than vector observation size (500). The observations will be truncated.
More observations (663) made than vector observation size (500). The observations will be truncated.
More observations (663) made than vector observation size (500). The observations will be truncated.
More observations (650) made than vector observation size (500). The observations will be truncated.
More observations (650) made than vector observation size (500). The observations will be truncated.
More observations (650) made than vector observation size (500). The observations will be truncated.
More observations (650) made than vector observation size (500). The observations will be truncated.
Fewer observations (0) made than vector observation size (500). The observations will be padded.
Fewer observations (208) made than vector observation size (500). The observations will be padded.
Fewer observations (325) made than vector observation size (500). The observations will be padded.
Fewer observations (403) made than vector observation size (500). The observations will be padded.
Fewer observations (455) made than vector observation size (500). The observations will be padded.
Fewer observations (481) made than vector observation size (500). The observations will be padded.
Fewer observations (468) made than vector observation size (500). The observations will be padded.
More observations (507) made than vector observation size (500). The observations will be truncated.
More observations (533) made than vector observation size (500). The observations will be truncated.
More observations (585) made than vector observation size (500). The observations will be truncated.
More observations (598) made than vector observation size (500). The observations will be truncated.
More observations (624) made than vector observation size (500). The observations will be truncated.
More observations (624) made than vector observation size (500). The observations will be truncated.
More observations (650) made than vector observation size (500). The observations will be truncated.
More observations (650) made than vector observation size (500). The observations will be truncated.
More observations (663) made than vector observation size (500). The observations will be truncated.
More observations (650) made than vector observation size (500). The observations will be truncated.
More observations (663) made than vector observation size (500). The observations will be truncated.
More observations (637) made than vector observation size (500). The observations will be truncated.
More observations (650) made than vector observation size (500). The observations will be truncated.
More observations (650) made than vector observation size (500). The observations will be truncated.
More observations (663) made than vector observation size (500). The observations will be truncated.
More observations (650) made than vector observation size (500). The observations will be truncated.
More observations (650) made than vector observation size (500). The observations will be truncated.
More observations (598) made than vector observation size (500). The observations will be truncated.
More observations (637) made than vector observation size (500). The observations will be truncated.
More observations (650) made than vector observation size (500). The observations will be truncated.
More observations (663) made than vector observation size (500). The observations will be truncated.
More observations (650) made than vector observation size (500). The observations will be truncated.
More observations (650) made than vector observation size (500). The observations will be truncated.
More observations (637) made than vector observation size (500). The observations will be truncated.
More observations (624) made than vector observation size (500). The observations will be truncated.
More observations (650) made than vector observation size (500). The observations will be truncated.
More observations (637) made than vector observation size (500). The observations will be truncated.
More observations (650) made than vector observation size (500). The observations will be truncated.
More observations (650) made than vector observation size (500). The observations will be truncated.
More observations (650) made than vector observation size (500). The observations will be truncated.
More observations (663) made than vector observation size (500). The observations will be truncated.
More observations (650) made than vector observation size (500). The observations will be truncated.
More observations (624) made than vector observation size (500). The observations will be truncated.
More observations (663) made than vector observation size (500). The observations will be truncated.
Fewer observations (0) made than vector observation size (500). The observations will be padded.
Fewer observations (286) made than vector observation size (500). The observations will be padded.
Fewer observations (364) made than vector observation size (500). The observations will be padded.
Fewer observations (429) made than vector observation size (500). The observations will be padded.
More observations (507) made than vector observation size (500). The observations will be truncated.
More observations (520) made than vector observation size (500). The observations will be truncated.
More observations (559) made than vector observation size (500). The observations will be truncated.
More observations (546) made than vector observation size (500). The observations will be truncated.
More observations (546) made than vector observation size (500). The observations will be truncated.
More observations (611) made than vector observation size (500). The observations will be truncated.
More observations (637) made than vector observation size (500). The observations will be truncated.
More observations (663) made than vector observation size (500). The observations will be truncated.
More observations (650) made than vector observation size (500). The observations will be truncated.
More observations (663) made than vector observation size (500). The observations will be truncated.
More observations (663) made than vector observation size (500). The observations will be truncated.
More observations (624) made than vector observation size (500). The observations will be truncated.
More observations (637) made than vector observation size (500). The observations will be truncated.
More observations (650) made than vector observation size (500). The observations will be truncated.
More observations (650) made than vector observation size (500). The observations will be truncated.
More observations (650) made than vector observation size (500). The observations will be truncated.
More observations (637) made than vector observation size (500). The observations will be truncated.
More observations (650) made than vector observation size (500). The observations will be truncated.
More observations (637) made than vector observation size (500). The observations will be truncated.
More observations (663) made than vector observation size (500). The observations will be truncated.
More observations (650) made than vector observation size (500). The observations will be truncated.
More observations (650) made than vector observation size (500). The observations will be truncated.
More observations (650) made than vector observation size (500). The observations will be truncated.
More observations (650) made than vector observation size (500). The observations will be truncated.
More observations (650) made than vector observation size (500). The observations will be truncated.
Fewer observations (117) made than vector observation size (500). The observations will be padded.
Fewer observations (260) made than vector observation size (500). The observations will be padded.
Fewer observations (338) made than vector observation size (500). The observations will be padded.
Fewer observations (416) made than vector observation size (500). The observations will be padded.
Fewer observations (455) made than vector observation size (500). The observations will be padded.
More observations (520) made than vector observation size (500). The observations will be truncated.
More observations (572) made than vector observation size (500). The observations will be truncated.
More observations (572) made than vector observation size (500). The observations will be truncated.
More observations (611) made than vector observation size (500). The observations will be truncated.
More observations (585) made than vector observation size (500). The observations will be truncated.
More observations (572) made than vector observation size (500). The observations will be truncated.
More observations (559) made than vector observation size (500). The observations will be truncated.
More observations (572) made than vector observation size (500). The observations will be truncated.
More observations (624) made than vector observation size (500). The observations will be truncated.
More observations (637) made than vector observation size (500). The observations will be truncated.
More observations (637) made than vector observation size (500). The observations will be truncated.
More observations (637) made than vector observation size (500). The observations will be truncated.
Unable to save timers to file D:/Unity Games/ProjetExploration/ProjetExploration_Build/car-ai_Data\ML-Agents\Timers\SampleScene_timers.json
Setting up 6 worker threads for Enlighten.
Curl error 42: Callback aborted
Memory Statistics:
[ALLOC_TEMP_TLS] TLS Allocator
  StackAllocators : 
    [ALLOC_TEMP_MAIN]
      Peak usage frame count: [2.0 KB-4.0 KB]: 376 frames, [4.0 KB-8.0 KB]: 127 frames, [8.0 KB-16.0 KB]: 110 frames, [16.0 KB-32.0 KB]: 4247 frames, [2.0 MB-4.0 MB]: 1 frames
      Initial Block Size 4.0 MB
      Current Block Size 4.0 MB
      Peak Allocated Bytes 2.0 MB
      Overflow Count 0
    [ALLOC_TEMP_Loading.AsyncRead]
      Initial Block Size 64.0 KB
      Current Block Size 64.0 KB
      Peak Allocated Bytes 285 B
      Overflow Count 0
    [ALLOC_TEMP_Loading.PreloadManager]
      Initial Block Size 256.0 KB
      Current Block Size 344.0 KB
      Peak Allocated Bytes 330.2 KB
      Overflow Count 4
    [ALLOC_TEMP_Background Job.Worker 8]
      Initial Block Size 32.0 KB
      Current Block Size 32.0 KB
      Peak Allocated Bytes 54 B
      Overflow Count 0
    [ALLOC_TEMP_Job.Worker 6]
      Initial Block Size 256.0 KB
      Current Block Size 256.0 KB
      Peak Allocated Bytes 16 B
      Overflow Count 0
    [ALLOC_TEMP_Job.Worker 0]
      Initial Block Size 256.0 KB
      Current Block Size 256.0 KB
      Peak Allocated Bytes 16 B
      Overflow Count 0
    [ALLOC_TEMP_Background Job.Worker 10]
      Initial Block Size 32.0 KB
      Current Block Size 32.0 KB
      Peak Allocated Bytes 54 B
      Overflow Count 0
    [ALLOC_TEMP_Background Job.Worker 9]
      Initial Block Size 32.0 KB
      Current Block Size 32.0 KB
      Peak Allocated Bytes 66 B
      Overflow Count 0
    [ALLOC_TEMP_Job.Worker 5]
      Initial Block Size 256.0 KB
      Current Block Size 256.0 KB
      Peak Allocated Bytes 0 B
      Overflow Count 0
    [ALLOC_TEMP_Background Job.Worker 14]
      Initial Block Size 32.0 KB
      Current Block Size 32.0 KB
      Peak Allocated Bytes 54 B
      Overflow Count 0
    [ALLOC_TEMP_Background Job.Worker 6]
      Initial Block Size 32.0 KB
      Current Block Size 32.0 KB
      Peak Allocated Bytes 66 B
      Overflow Count 0
    [ALLOC_TEMP_Job.Worker 4]
      Initial Block Size 256.0 KB
      Current Block Size 256.0 KB
      Peak Allocated Bytes 0 B
      Overflow Count 0
    [ALLOC_TEMP_Job.Worker 3]
      Initial Block Size 256.0 KB
      Current Block Size 256.0 KB
      Peak Allocated Bytes 16 B
      Overflow Count 0
    [ALLOC_TEMP_Background Job.Worker 12]
      Initial Block Size 32.0 KB
      Current Block Size 32.0 KB
      Peak Allocated Bytes 66 B
      Overflow Count 0
    [ALLOC_TEMP_EnlightenWorker] x 6
      Initial Block Size 64.0 KB
      Current Block Size 64.0 KB
      Peak Allocated Bytes 54 B
      Overflow Count 0
    [ALLOC_TEMP_Background Job.Worker 15]
      Initial Block Size 32.0 KB
      Current Block Size 32.0 KB
      Peak Allocated Bytes 66 B
      Overflow Count 0
    [ALLOC_TEMP_Background Job.Worker 1]
      Initial Block Size 32.0 KB
      Current Block Size 32.0 KB
      Peak Allocated Bytes 54 B
      Overflow Count 0
    [ALLOC_TEMP_Background Job.Worker 2]
      Initial Block Size 32.0 KB
      Current Block Size 32.0 KB
      Peak Allocated Bytes 54 B
      Overflow Count 0
    [ALLOC_TEMP_Background Job.Worker 7]
      Initial Block Size 32.0 KB
      Current Block Size 32.0 KB
      Peak Allocated Bytes 54 B
      Overflow Count 0
    [ALLOC_TEMP_UnityGfxDeviceWorker]
      Initial Block Size 256.0 KB
      Current Block Size 256.0 KB
      Peak Allocated Bytes 2.1 KB
      Overflow Count 0
    [ALLOC_TEMP_AssetGarbageCollectorHelper] x 11
      Initial Block Size 64.0 KB
      Current Block Size 64.0 KB
      Peak Allocated Bytes 0 B
      Overflow Count 0
    [ALLOC_TEMP_Background Job.Worker 5]
      Initial Block Size 32.0 KB
      Current Block Size 32.0 KB
      Peak Allocated Bytes 54 B
      Overflow Count 0
    [ALLOC_TEMP_Job.Worker 9]
      Initial Block Size 256.0 KB
      Current Block Size 256.0 KB
      Peak Allocated Bytes 0 B
      Overflow Count 0
    [ALLOC_TEMP_Background Job.Worker 13]
      Initial Block Size 32.0 KB
      Current Block Size 32.0 KB
      Peak Allocated Bytes 54 B
      Overflow Count 0
    [ALLOC_TEMP_Job.Worker 8]
      Initial Block Size 256.0 KB
      Current Block Size 256.0 KB
      Peak Allocated Bytes 0 B
      Overflow Count 0
    [ALLOC_TEMP_Job.Worker 7]
      Initial Block Size 256.0 KB
      Current Block Size 256.0 KB
      Peak Allocated Bytes 0 B
      Overflow Count 0
    [ALLOC_TEMP_Job.Worker 1]
      Initial Block Size 256.0 KB
      Current Block Size 256.0 KB
      Peak Allocated Bytes 0 B
      Overflow Count 0
    [ALLOC_TEMP_Job.Worker 2]
      Initial Block Size 256.0 KB
      Current Block Size 256.0 KB
      Peak Allocated Bytes 0 B
      Overflow Count 0
    [ALLOC_TEMP_Background Job.Worker 3]
      Initial Block Size 32.0 KB
      Current Block Size 32.0 KB
      Peak Allocated Bytes 2.0 KB
      Overflow Count 0
    [ALLOC_TEMP_Background Job.Worker 11]
      Initial Block Size 32.0 KB
      Current Block Size 32.0 KB
      Peak Allocated Bytes 54 B
      Overflow Count 0
    [ALLOC_TEMP_Job.Worker 10]
      Initial Block Size 256.0 KB
      Current Block Size 256.0 KB
      Peak Allocated Bytes 54 B
      Overflow Count 0
    [ALLOC_TEMP_Background Job.Worker 0]
      Initial Block Size 32.0 KB
      Current Block Size 32.0 KB
      Peak Allocated Bytes 1.5 KB
      Overflow Count 0
    [ALLOC_TEMP_CloudJob.Worker 0]
      Initial Block Size 32.0 KB
      Current Block Size 32.0 KB
      Peak Allocated Bytes 3.4 KB
      Overflow Count 0
    [ALLOC_TEMP_Background Job.Worker 4]
      Initial Block Size 32.0 KB
      Current Block Size 32.0 KB
      Peak Allocated Bytes 54 B
      Overflow Count 0
    [ALLOC_TEMP_BatchDeleteObjects]
      Initial Block Size 64.0 KB
      Current Block Size 64.0 KB
      Peak Allocated Bytes 54 B
      Overflow Count 0
[ALLOC_DEFAULT] Dual Thread Allocator
  Peak main deferred allocation count 450
    [ALLOC_BUCKET]
      Large Block size 4.0 MB
      Used Block count 1
      Peak Allocated bytes 0.9 MB
    [ALLOC_DEFAULT_MAIN]
      Peak usage frame count: [8.0 MB-16.0 MB]: 4861 frames
      Requested Block Size 16.0 MB
      Peak Block count 1
      Peak Allocated memory 12.9 MB
      Peak Large allocation bytes 0 B
    [ALLOC_DEFAULT_THREAD]
      Peak usage frame count: [16.0 MB-32.0 MB]: 4861 frames
      Requested Block Size 16.0 MB
      Peak Block count 1
      Peak Allocated memory 20.9 MB
      Peak Large allocation bytes 20.3 MB
[ALLOC_TEMP_JOB_1_FRAME]
  Initial Block Size 2.0 MB
  Used Block Count 1
  Overflow Count (too large) 0
  Overflow Count (full) 0
[ALLOC_TEMP_JOB_2_FRAMES]
  Initial Block Size 2.0 MB
  Used Block Count 1
  Overflow Count (too large) 0
  Overflow Count (full) 0
[ALLOC_TEMP_JOB_4_FRAMES (JobTemp)]
  Initial Block Size 2.0 MB
  Used Block Count 2
  Overflow Count (too large) 0
  Overflow Count (full) 0
[ALLOC_TEMP_JOB_ASYNC (Background)]
  Initial Block Size 1.0 MB
  Used Block Count 3
  Overflow Count (too large) 0
  Overflow Count (full) 0
[ALLOC_GFX] Dual Thread Allocator
  Peak main deferred allocation count 1
    [ALLOC_BUCKET]
      Large Block size 4.0 MB
      Used Block count 1
      Peak Allocated bytes 0.9 MB
    [ALLOC_GFX_MAIN]
      Peak usage frame count: [32.0 KB-64.0 KB]: 4860 frames, [2.0 MB-4.0 MB]: 1 frames
      Requested Block Size 16.0 MB
      Peak Block count 1
      Peak Allocated memory 2.7 MB
      Peak Large allocation bytes 0 B
    [ALLOC_GFX_THREAD]
      Peak usage frame count: [64.0 KB-128.0 KB]: 4861 frames
      Requested Block Size 16.0 MB
      Peak Block count 1
      Peak Allocated memory 76.4 KB
      Peak Large allocation bytes 0 B
[ALLOC_CACHEOBJECTS] Dual Thread Allocator
  Peak main deferred allocation count 2
    [ALLOC_BUCKET]
      Large Block size 4.0 MB
      Used Block count 1
      Peak Allocated bytes 0.9 MB
    [ALLOC_CACHEOBJECTS_MAIN]
      Peak usage frame count: [0.5 MB-1.0 MB]: 4861 frames
      Requested Block Size 4.0 MB
      Peak Block count 1
      Peak Allocated memory 0.9 MB
      Peak Large allocation bytes 0 B
    [ALLOC_CACHEOBJECTS_THREAD]
      Peak usage frame count: [64.0 KB-128.0 KB]: 4860 frames, [256.0 KB-0.5 MB]: 1 frames
      Requested Block Size 4.0 MB
      Peak Block count 1
      Peak Allocated memory 439.0 KB
      Peak Large allocation bytes 0 B
[ALLOC_TYPETREE] Dual Thread Allocator
  Peak main deferred allocation count 0
    [ALLOC_BUCKET]
      Large Block size 4.0 MB
      Used Block count 1
      Peak Allocated bytes 0.9 MB
    [ALLOC_TYPETREE_MAIN]
      Peak usage frame count: [0-1.0 KB]: 4861 frames
      Requested Block Size 2.0 MB
      Peak Block count 1
      Peak Allocated memory 1.0 KB
      Peak Large allocation bytes 0 B
    [ALLOC_TYPETREE_THREAD]
      Peak usage frame count: [0-1.0 KB]: 4861 frames
      Requested Block Size 2.0 MB
      Peak Block count 0
      Peak Allocated memory 0 B
      Peak Large allocation bytes 0 B
